\BOOKMARK [0][-]{chapter.1}{Introdu\347\343o}{}% 1
\BOOKMARK [1][-]{section.1.1}{Motiva\347\343o}{chapter.1}% 2
\BOOKMARK [1][-]{section.1.2}{Conte\372do dispon\355bilizado}{chapter.1}% 3
\BOOKMARK [1][-]{section.1.3}{Instala\347\365es necess\341rias para o funcionamento correto do c\363digo}{chapter.1}% 4
\BOOKMARK [0][-]{chapter.2}{Algoritmo}{}% 5
\BOOKMARK [1][-]{section.2.1}{Estrutura\347\343o do Algoritmo}{chapter.2}% 6
\BOOKMARK [1][-]{section.2.2}{Funcionamento do Algoritmo}{chapter.2}% 7
\BOOKMARK [0][-]{chapter.3}{Implementa\347\343o do Algoritmo - client.py}{}% 8
\BOOKMARK [1][-]{section.3.1}{error\137list }{chapter.3}% 9
\BOOKMARK [1][-]{section.3.2}{Fun\347\343o validateArgs }{chapter.3}% 10
\BOOKMARK [1][-]{section.3.3}{Fun\347\343o isInteger }{chapter.3}% 11
\BOOKMARK [1][-]{section.3.4}{Fun\347\343o validateIDExists }{chapter.3}% 12
\BOOKMARK [1][-]{section.3.5}{Fun\347\343o validateCountryExists }{chapter.3}% 13
\BOOKMARK [1][-]{section.3.6}{Fun\347\343o printError }{chapter.3}% 14
\BOOKMARK [1][-]{section.3.7}{Fun\347\343o getHostById }{chapter.3}% 15
\BOOKMARK [1][-]{section.3.8}{Fun\347\343o getHostByCountry }{chapter.3}% 16
\BOOKMARK [1][-]{section.3.9}{Fun\347\343o sendHi }{chapter.3}% 17
\BOOKMARK [1][-]{section.3.10}{Fun\347\343o sendPing }{chapter.3}% 18
\BOOKMARK [1][-]{section.3.11}{Fun\347\343o sendDownload }{chapter.3}% 19
\BOOKMARK [1][-]{section.3.12}{Fun\347\343o getSintese }{chapter.3}% 20
\BOOKMARK [1][-]{section.3.13}{Fun\347\343o getFileSintese }{chapter.3}% 21
\BOOKMARK [1][-]{section.3.14}{Fun\347\343o main }{chapter.3}% 22
\BOOKMARK [0][-]{chapter.4}{Implementa\347\343o de testes unit\341rios - test\137unitario\137funcoes.py}{}% 23
\BOOKMARK [0][-]{chapter.5}{Conclus\343o:}{}% 24
\BOOKMARK [1][-]{section.5.1}{Contribui\347\343o dos autores}{chapter.5}% 25
